<?xml version="1.0" encoding="UTF-8"?>
<!DOCTYPE coverage SYSTEM "https://raw.githubusercontent.com/cobertura/cobertura/master/cobertura/src/site/htdocs/xml/coverage-04.dtd">
<coverage line-rate="0.990726429675425" branch-rate="0" lines-covered="641" lines-valid="647" branches-covered="0" branches-valid="0" complexity="0" version="3.6.4" timestamp="2024-07-09 19:01:55.542173">
  <sources>
    <source>/Users/zach/source/caretEnsemble</source>
  </sources>
  <packages>
    <package name="caretEnsemble" line-rate="0.990726429675425" branch-rate="0" complexity="0">
      <classes>
        <class name="caretEnsemble.R" filename="R/caretEnsemble.R" line-rate="1" branch-rate="0" complexity="0">
          <methods>
            <method name="caretEnsemble" signature="" line-rate="1" branch-rate="0" complexity="0">
              <lines>
                <line number="33" hits="58" branch="false"/>
                <line number="34" hits="57" branch="false"/>
                <line number="35" hits="57" branch="false"/>
                <line number="36" hits="57" branch="false"/>
              </lines>
            </method>
            <method name="is.caretEnsemble" signature="" line-rate="1" branch-rate="0" complexity="0">
              <lines>
                <line number="44" hits="12" branch="false"/>
              </lines>
            </method>
            <method name="summary.caretEnsemble" signature="" line-rate="1" branch-rate="0" complexity="0">
              <lines>
                <line number="60" hits="2" branch="false"/>
                <line number="61" hits="2" branch="false"/>
                <line number="62" hits="2" branch="false"/>
                <line number="63" hits="2" branch="false"/>
                <line number="64" hits="2" branch="false"/>
                <line number="65" hits="2" branch="false"/>
                <line number="66" hits="2" branch="false"/>
                <line number="67" hits="2" branch="false"/>
                <line number="68" hits="2" branch="false"/>
                <line number="71" hits="2" branch="false"/>
                <line number="72" hits="2" branch="false"/>
              </lines>
            </method>
            <method name="extractModRes" signature="" line-rate="1" branch-rate="0" complexity="0">
              <lines>
                <line number="78" hits="12" branch="false"/>
                <line number="79" hits="12" branch="false"/>
                <line number="80" hits="12" branch="false"/>
                <line number="81" hits="12" branch="false"/>
                <line number="82" hits="12" branch="false"/>
                <line number="83" hits="12" branch="false"/>
                <line number="84" hits="12" branch="false"/>
                <line number="85" hits="12" branch="false"/>
                <line number="86" hits="12" branch="false"/>
                <line number="87" hits="12" branch="false"/>
                <line number="88" hits="12" branch="false"/>
                <line number="89" hits="12" branch="false"/>
                <line number="90" hits="12" branch="false"/>
                <line number="91" hits="12" branch="false"/>
                <line number="92" hits="12" branch="false"/>
                <line number="93" hits="12" branch="false"/>
                <line number="94" hits="12" branch="false"/>
                <line number="95" hits="12" branch="false"/>
                <line number="96" hits="12" branch="false"/>
                <line number="97" hits="12" branch="false"/>
                <line number="98" hits="12" branch="false"/>
                <line number="99" hits="12" branch="false"/>
                <line number="100" hits="12" branch="false"/>
              </lines>
            </method>
            <method name="getMetric" signature="" line-rate="1" branch-rate="0" complexity="0">
              <lines>
                <line number="110" hits="1" branch="false"/>
              </lines>
            </method>
            <method name="getMetricSD" signature="" line-rate="1" branch-rate="0" complexity="0">
              <lines>
                <line number="117" hits="1" branch="false"/>
              </lines>
            </method>
            <method name="getMetric.train" signature="" line-rate="1" branch-rate="0" complexity="0">
              <lines>
                <line number="125" hits="55" branch="false"/>
                <line number="126" hits="2" branch="false"/>
                <line number="128" hits="55" branch="false"/>
                <line number="129" hits="53" branch="false"/>
                <line number="130" hits="53" branch="false"/>
                <line number="131" hits="53" branch="false"/>
              </lines>
            </method>
            <method name="getMetricSD.train" signature="" line-rate="1" branch-rate="0" complexity="0">
              <lines>
                <line number="138" hits="51" branch="false"/>
                <line number="139" hits="51" branch="false"/>
                <line number="140" hits="51" branch="false"/>
                <line number="141" hits="51" branch="false"/>
                <line number="142" hits="51" branch="false"/>
              </lines>
            </method>
            <method name="varImp.caretEnsemble" signature="" line-rate="1" branch-rate="0" complexity="0">
              <lines>
                <line number="161" hits="26" branch="false"/>
                <line number="162" hits="26" branch="false"/>
                <line number="165" hits="26" branch="false"/>
                <line number="166" hits="26" branch="false"/>
                <line number="167" hits="26" branch="false"/>
                <line number="170" hits="26" branch="false"/>
                <line number="171" hits="26" branch="false"/>
                <line number="174" hits="26" branch="false"/>
                <line number="179" hits="26" branch="false"/>
                <line number="180" hits="26" branch="false"/>
                <line number="181" hits="26" branch="false"/>
                <line number="182" hits="26" branch="false"/>
                <line number="183" hits="26" branch="false"/>
                <line number="186" hits="26" branch="false"/>
                <line number="188" hits="26" branch="false"/>
              </lines>
            </method>
            <method name="clean_varImp" signature="" line-rate="1" branch-rate="0" complexity="0">
              <lines>
                <line number="194" hits="95" branch="false"/>
                <line number="195" hits="95" branch="false"/>
                <line number="196" hits="95" branch="false"/>
              </lines>
            </method>
            <method name="varImpFrame" signature="" line-rate="1" branch-rate="0" complexity="0">
              <lines>
                <line number="202" hits="26" branch="false"/>
                <line number="203" hits="26" branch="false"/>
                <line number="206" hits="26" branch="false"/>
                <line number="207" hits="26" branch="false"/>
                <line number="208" hits="26" branch="false"/>
                <line number="209" hits="26" branch="false"/>
                <line number="212" hits="26" branch="false"/>
                <line number="213" hits="26" branch="false"/>
                <line number="214" hits="26" branch="false"/>
                <line number="215" hits="26" branch="false"/>
                <line number="216" hits="26" branch="false"/>
                <line number="217" hits="26" branch="false"/>
                <line number="218" hits="26" branch="false"/>
                <line number="219" hits="26" branch="false"/>
                <line number="220" hits="26" branch="false"/>
              </lines>
            </method>
            <method name="residuals.caretEnsemble" signature="" line-rate="1" branch-rate="0" complexity="0">
              <lines>
                <line number="230" hits="14" branch="false"/>
                <line number="231" hits="14" branch="false"/>
                <line number="233" hits="14" branch="false"/>
                <line number="234" hits="7" branch="false"/>
                <line number="235" hits="7" branch="false"/>
                <line number="236" hits="7" branch="false"/>
                <line number="237" hits="7" branch="false"/>
                <line number="238" hits="7" branch="false"/>
                <line number="239" hits="7" branch="false"/>
                <line number="240" hits="7" branch="false"/>
                <line number="241" hits="7" branch="false"/>
                <line number="242" hits="7" branch="false"/>
                <line number="243" hits="7" branch="false"/>
                <line number="244" hits="7" branch="false"/>
                <line number="245" hits="7" branch="false"/>
              </lines>
            </method>
            <method name="multiResiduals" signature="" line-rate="1" branch-rate="0" complexity="0">
              <lines>
                <line number="258" hits="6" branch="false"/>
                <line number="259" hits="6" branch="false"/>
                <line number="260" hits="6" branch="false"/>
                <line number="261" hits="6" branch="false"/>
                <line number="262" hits="3" branch="false"/>
                <line number="263" hits="6" branch="false"/>
                <line number="264" hits="3" branch="false"/>
                <line number="265" hits="3" branch="false"/>
                <line number="266" hits="3" branch="false"/>
                <line number="267" hits="3" branch="false"/>
                <line number="270" hits="3" branch="false"/>
                <line number="271" hits="3" branch="false"/>
                <line number="272" hits="3" branch="false"/>
                <line number="274" hits="3" branch="false"/>
                <line number="275" hits="3" branch="false"/>
                <line number="277" hits="3" branch="false"/>
                <line number="278" hits="6" branch="false"/>
                <line number="279" hits="6" branch="false"/>
                <line number="280" hits="6" branch="false"/>
                <line number="281" hits="6" branch="false"/>
                <line number="282" hits="6" branch="false"/>
                <line number="283" hits="6" branch="false"/>
                <line number="284" hits="6" branch="false"/>
                <line number="285" hits="6" branch="false"/>
                <line number="286" hits="6" branch="false"/>
                <line number="287" hits="6" branch="false"/>
                <line number="288" hits="6" branch="false"/>
                <line number="289" hits="6" branch="false"/>
                <line number="290" hits="6" branch="false"/>
                <line number="291" hits="6" branch="false"/>
                <line number="292" hits="6" branch="false"/>
              </lines>
            </method>
            <method name="fortify" signature="" line-rate="1" branch-rate="0" complexity="0">
              <lines>
                <line number="304" hits="8" branch="false"/>
                <line number="305" hits="7" branch="false"/>
                <line number="306" hits="7" branch="false"/>
                <line number="307" hits="4" branch="false"/>
                <line number="308" hits="4" branch="false"/>
                <line number="309" hits="4" branch="false"/>
                <line number="310" hits="4" branch="false"/>
                <line number="311" hits="4" branch="false"/>
                <line number="313" hits="7" branch="false"/>
                <line number="314" hits="3" branch="false"/>
                <line number="315" hits="4" branch="false"/>
                <line number="316" hits="3" branch="false"/>
                <line number="318" hits="1" branch="false"/>
                <line number="321" hits="6" branch="false"/>
                <line number="322" hits="6" branch="false"/>
              </lines>
            </method>
            <method name="extractModFrame" signature="" line-rate="1" branch-rate="0" complexity="0">
              <lines>
                <line number="333" hits="10" branch="false"/>
                <line number="334" hits="10" branch="false"/>
                <line number="335" hits="31" branch="false"/>
                <line number="337" hits="9" branch="false"/>
                <line number="338" hits="9" branch="false"/>
                <line number="339" hits="9" branch="false"/>
              </lines>
            </method>
            <method name="plot.caretEnsemble" signature="" line-rate="1" branch-rate="0" complexity="0">
              <lines>
                <line number="361" hits="8" branch="false"/>
                <line number="362" hits="8" branch="false"/>
                <line number="363" hits="8" branch="false"/>
                <line number="364" hits="8" branch="false"/>
                <line number="365" hits="8" branch="false"/>
                <line number="366" hits="8" branch="false"/>
                <line number="367" hits="8" branch="false"/>
                <line number="368" hits="8" branch="false"/>
                <line number="369" hits="8" branch="false"/>
                <line number="370" hits="8" branch="false"/>
                <line number="371" hits="8" branch="false"/>
                <line number="372" hits="8" branch="false"/>
                <line number="373" hits="8" branch="false"/>
                <line number="374" hits="8" branch="false"/>
                <line number="376" hits="8" branch="false"/>
                <line number="377" hits="8" branch="false"/>
                <line number="378" hits="8" branch="false"/>
                <line number="380" hits="8" branch="false"/>
              </lines>
            </method>
            <method name="autoplot" signature="" line-rate="1" branch-rate="0" complexity="0">
              <lines>
                <line number="419" hits="5" branch="false"/>
                <line number="420" hits="4" branch="false"/>
                <line number="421" hits="4" branch="false"/>
                <line number="422" hits="4" branch="false"/>
                <line number="423" hits="4" branch="false"/>
                <line number="424" hits="4" branch="false"/>
                <line number="425" hits="4" branch="false"/>
                <line number="426" hits="4" branch="false"/>
                <line number="427" hits="4" branch="false"/>
                <line number="428" hits="4" branch="false"/>
                <line number="429" hits="4" branch="false"/>
                <line number="430" hits="4" branch="false"/>
                <line number="431" hits="4" branch="false"/>
                <line number="432" hits="4" branch="false"/>
                <line number="433" hits="4" branch="false"/>
                <line number="434" hits="4" branch="false"/>
                <line number="435" hits="4" branch="false"/>
                <line number="436" hits="2" branch="false"/>
                <line number="437" hits="2" branch="false"/>
                <line number="438" hits="2" branch="false"/>
                <line number="439" hits="2" branch="false"/>
                <line number="440" hits="2" branch="false"/>
                <line number="443" hits="4" branch="false"/>
                <line number="444" hits="4" branch="false"/>
                <line number="445" hits="4" branch="false"/>
                <line number="446" hits="4" branch="false"/>
                <line number="447" hits="4" branch="false"/>
                <line number="448" hits="4" branch="false"/>
                <line number="449" hits="4" branch="false"/>
                <line number="450" hits="4" branch="false"/>
                <line number="451" hits="4" branch="false"/>
                <line number="452" hits="4" branch="false"/>
                <line number="453" hits="4" branch="false"/>
                <line number="454" hits="4" branch="false"/>
                <line number="455" hits="4" branch="false"/>
                <line number="456" hits="4" branch="false"/>
                <line number="457" hits="4" branch="false"/>
                <line number="458" hits="4" branch="false"/>
                <line number="459" hits="4" branch="false"/>
                <line number="460" hits="4" branch="false"/>
                <line number="461" hits="4" branch="false"/>
                <line number="462" hits="4" branch="false"/>
                <line number="463" hits="4" branch="false"/>
                <line number="464" hits="4" branch="false"/>
                <line number="465" hits="4" branch="false"/>
                <line number="466" hits="4" branch="false"/>
                <line number="467" hits="4" branch="false"/>
                <line number="468" hits="4" branch="false"/>
                <line number="469" hits="4" branch="false"/>
                <line number="470" hits="4" branch="false"/>
                <line number="471" hits="4" branch="false"/>
                <line number="472" hits="4" branch="false"/>
                <line number="473" hits="4" branch="false"/>
                <line number="474" hits="4" branch="false"/>
                <line number="475" hits="4" branch="false"/>
                <line number="476" hits="4" branch="false"/>
              </lines>
            </method>
          </methods>
          <lines>
            <line number="33" hits="58" branch="false"/>
            <line number="34" hits="57" branch="false"/>
            <line number="35" hits="57" branch="false"/>
            <line number="36" hits="57" branch="false"/>
            <line number="44" hits="12" branch="false"/>
            <line number="60" hits="2" branch="false"/>
            <line number="61" hits="2" branch="false"/>
            <line number="62" hits="2" branch="false"/>
            <line number="63" hits="2" branch="false"/>
            <line number="64" hits="2" branch="false"/>
            <line number="65" hits="2" branch="false"/>
            <line number="66" hits="2" branch="false"/>
            <line number="67" hits="2" branch="false"/>
            <line number="68" hits="2" branch="false"/>
            <line number="71" hits="2" branch="false"/>
            <line number="72" hits="2" branch="false"/>
            <line number="78" hits="12" branch="false"/>
            <line number="79" hits="12" branch="false"/>
            <line number="80" hits="12" branch="false"/>
            <line number="81" hits="12" branch="false"/>
            <line number="82" hits="12" branch="false"/>
            <line number="83" hits="12" branch="false"/>
            <line number="84" hits="12" branch="false"/>
            <line number="85" hits="12" branch="false"/>
            <line number="86" hits="12" branch="false"/>
            <line number="87" hits="12" branch="false"/>
            <line number="88" hits="12" branch="false"/>
            <line number="89" hits="12" branch="false"/>
            <line number="90" hits="12" branch="false"/>
            <line number="91" hits="12" branch="false"/>
            <line number="92" hits="12" branch="false"/>
            <line number="93" hits="12" branch="false"/>
            <line number="94" hits="12" branch="false"/>
            <line number="95" hits="12" branch="false"/>
            <line number="96" hits="12" branch="false"/>
            <line number="97" hits="12" branch="false"/>
            <line number="98" hits="12" branch="false"/>
            <line number="99" hits="12" branch="false"/>
            <line number="100" hits="12" branch="false"/>
            <line number="110" hits="1" branch="false"/>
            <line number="117" hits="1" branch="false"/>
            <line number="125" hits="55" branch="false"/>
            <line number="126" hits="2" branch="false"/>
            <line number="128" hits="55" branch="false"/>
            <line number="129" hits="53" branch="false"/>
            <line number="130" hits="53" branch="false"/>
            <line number="131" hits="53" branch="false"/>
            <line number="138" hits="51" branch="false"/>
            <line number="139" hits="51" branch="false"/>
            <line number="140" hits="51" branch="false"/>
            <line number="141" hits="51" branch="false"/>
            <line number="142" hits="51" branch="false"/>
            <line number="161" hits="26" branch="false"/>
            <line number="162" hits="26" branch="false"/>
            <line number="165" hits="26" branch="false"/>
            <line number="166" hits="26" branch="false"/>
            <line number="167" hits="26" branch="false"/>
            <line number="170" hits="26" branch="false"/>
            <line number="171" hits="26" branch="false"/>
            <line number="174" hits="26" branch="false"/>
            <line number="179" hits="26" branch="false"/>
            <line number="180" hits="26" branch="false"/>
            <line number="181" hits="26" branch="false"/>
            <line number="182" hits="26" branch="false"/>
            <line number="183" hits="26" branch="false"/>
            <line number="186" hits="26" branch="false"/>
            <line number="188" hits="26" branch="false"/>
            <line number="194" hits="95" branch="false"/>
            <line number="195" hits="95" branch="false"/>
            <line number="196" hits="95" branch="false"/>
            <line number="202" hits="26" branch="false"/>
            <line number="203" hits="26" branch="false"/>
            <line number="206" hits="26" branch="false"/>
            <line number="207" hits="26" branch="false"/>
            <line number="208" hits="26" branch="false"/>
            <line number="209" hits="26" branch="false"/>
            <line number="212" hits="26" branch="false"/>
            <line number="213" hits="26" branch="false"/>
            <line number="214" hits="26" branch="false"/>
            <line number="215" hits="26" branch="false"/>
            <line number="216" hits="26" branch="false"/>
            <line number="217" hits="26" branch="false"/>
            <line number="218" hits="26" branch="false"/>
            <line number="219" hits="26" branch="false"/>
            <line number="220" hits="26" branch="false"/>
            <line number="230" hits="14" branch="false"/>
            <line number="231" hits="14" branch="false"/>
            <line number="233" hits="14" branch="false"/>
            <line number="234" hits="7" branch="false"/>
            <line number="235" hits="7" branch="false"/>
            <line number="236" hits="7" branch="false"/>
            <line number="237" hits="7" branch="false"/>
            <line number="238" hits="7" branch="false"/>
            <line number="239" hits="7" branch="false"/>
            <line number="240" hits="7" branch="false"/>
            <line number="241" hits="7" branch="false"/>
            <line number="242" hits="7" branch="false"/>
            <line number="243" hits="7" branch="false"/>
            <line number="244" hits="7" branch="false"/>
            <line number="245" hits="7" branch="false"/>
            <line number="258" hits="6" branch="false"/>
            <line number="259" hits="6" branch="false"/>
            <line number="260" hits="6" branch="false"/>
            <line number="261" hits="6" branch="false"/>
            <line number="262" hits="3" branch="false"/>
            <line number="263" hits="6" branch="false"/>
            <line number="264" hits="3" branch="false"/>
            <line number="265" hits="3" branch="false"/>
            <line number="266" hits="3" branch="false"/>
            <line number="267" hits="3" branch="false"/>
            <line number="270" hits="3" branch="false"/>
            <line number="271" hits="3" branch="false"/>
            <line number="272" hits="3" branch="false"/>
            <line number="274" hits="3" branch="false"/>
            <line number="275" hits="3" branch="false"/>
            <line number="277" hits="3" branch="false"/>
            <line number="278" hits="6" branch="false"/>
            <line number="279" hits="6" branch="false"/>
            <line number="280" hits="6" branch="false"/>
            <line number="281" hits="6" branch="false"/>
            <line number="282" hits="6" branch="false"/>
            <line number="283" hits="6" branch="false"/>
            <line number="284" hits="6" branch="false"/>
            <line number="285" hits="6" branch="false"/>
            <line number="286" hits="6" branch="false"/>
            <line number="287" hits="6" branch="false"/>
            <line number="288" hits="6" branch="false"/>
            <line number="289" hits="6" branch="false"/>
            <line number="290" hits="6" branch="false"/>
            <line number="291" hits="6" branch="false"/>
            <line number="292" hits="6" branch="false"/>
            <line number="304" hits="8" branch="false"/>
            <line number="305" hits="7" branch="false"/>
            <line number="306" hits="7" branch="false"/>
            <line number="307" hits="4" branch="false"/>
            <line number="308" hits="4" branch="false"/>
            <line number="309" hits="4" branch="false"/>
            <line number="310" hits="4" branch="false"/>
            <line number="311" hits="4" branch="false"/>
            <line number="313" hits="7" branch="false"/>
            <line number="314" hits="3" branch="false"/>
            <line number="315" hits="4" branch="false"/>
            <line number="316" hits="3" branch="false"/>
            <line number="318" hits="1" branch="false"/>
            <line number="321" hits="6" branch="false"/>
            <line number="322" hits="6" branch="false"/>
            <line number="333" hits="10" branch="false"/>
            <line number="334" hits="10" branch="false"/>
            <line number="335" hits="31" branch="false"/>
            <line number="337" hits="9" branch="false"/>
            <line number="338" hits="9" branch="false"/>
            <line number="339" hits="9" branch="false"/>
            <line number="361" hits="8" branch="false"/>
            <line number="362" hits="8" branch="false"/>
            <line number="363" hits="8" branch="false"/>
            <line number="364" hits="8" branch="false"/>
            <line number="365" hits="8" branch="false"/>
            <line number="366" hits="8" branch="false"/>
            <line number="367" hits="8" branch="false"/>
            <line number="368" hits="8" branch="false"/>
            <line number="369" hits="8" branch="false"/>
            <line number="370" hits="8" branch="false"/>
            <line number="371" hits="8" branch="false"/>
            <line number="372" hits="8" branch="false"/>
            <line number="373" hits="8" branch="false"/>
            <line number="374" hits="8" branch="false"/>
            <line number="376" hits="8" branch="false"/>
            <line number="377" hits="8" branch="false"/>
            <line number="378" hits="8" branch="false"/>
            <line number="380" hits="8" branch="false"/>
            <line number="419" hits="5" branch="false"/>
            <line number="420" hits="4" branch="false"/>
            <line number="421" hits="4" branch="false"/>
            <line number="422" hits="4" branch="false"/>
            <line number="423" hits="4" branch="false"/>
            <line number="424" hits="4" branch="false"/>
            <line number="425" hits="4" branch="false"/>
            <line number="426" hits="4" branch="false"/>
            <line number="427" hits="4" branch="false"/>
            <line number="428" hits="4" branch="false"/>
            <line number="429" hits="4" branch="false"/>
            <line number="430" hits="4" branch="false"/>
            <line number="431" hits="4" branch="false"/>
            <line number="432" hits="4" branch="false"/>
            <line number="433" hits="4" branch="false"/>
            <line number="434" hits="4" branch="false"/>
            <line number="435" hits="4" branch="false"/>
            <line number="436" hits="2" branch="false"/>
            <line number="437" hits="2" branch="false"/>
            <line number="438" hits="2" branch="false"/>
            <line number="439" hits="2" branch="false"/>
            <line number="440" hits="2" branch="false"/>
            <line number="443" hits="4" branch="false"/>
            <line number="444" hits="4" branch="false"/>
            <line number="445" hits="4" branch="false"/>
            <line number="446" hits="4" branch="false"/>
            <line number="447" hits="4" branch="false"/>
            <line number="448" hits="4" branch="false"/>
            <line number="449" hits="4" branch="false"/>
            <line number="450" hits="4" branch="false"/>
            <line number="451" hits="4" branch="false"/>
            <line number="452" hits="4" branch="false"/>
            <line number="453" hits="4" branch="false"/>
            <line number="454" hits="4" branch="false"/>
            <line number="455" hits="4" branch="false"/>
            <line number="456" hits="4" branch="false"/>
            <line number="457" hits="4" branch="false"/>
            <line number="458" hits="4" branch="false"/>
            <line number="459" hits="4" branch="false"/>
            <line number="460" hits="4" branch="false"/>
            <line number="461" hits="4" branch="false"/>
            <line number="462" hits="4" branch="false"/>
            <line number="463" hits="4" branch="false"/>
            <line number="464" hits="4" branch="false"/>
            <line number="465" hits="4" branch="false"/>
            <line number="466" hits="4" branch="false"/>
            <line number="467" hits="4" branch="false"/>
            <line number="468" hits="4" branch="false"/>
            <line number="469" hits="4" branch="false"/>
            <line number="470" hits="4" branch="false"/>
            <line number="471" hits="4" branch="false"/>
            <line number="472" hits="4" branch="false"/>
            <line number="473" hits="4" branch="false"/>
            <line number="474" hits="4" branch="false"/>
            <line number="475" hits="4" branch="false"/>
            <line number="476" hits="4" branch="false"/>
          </lines>
        </class>
        <class name="caretList.R" filename="R/caretList.R" line-rate="1" branch-rate="0" complexity="0">
          <methods>
            <method name="caretModelSpec" signature="" line-rate="1" branch-rate="0" complexity="0">
              <lines>
                <line number="10" hits="353" branch="false"/>
                <line number="11" hits="353" branch="false"/>
              </lines>
            </method>
            <method name="tuneCheck" signature="" line-rate="1" branch-rate="0" complexity="0">
              <lines>
                <line number="20" hits="55" branch="false"/>
                <line number="22" hits="55" branch="false"/>
                <line number="23" hits="55" branch="false"/>
                <line number="24" hits="54" branch="false"/>
                <line number="27" hits="54" branch="false"/>
                <line number="28" hits="33" branch="false"/>
                <line number="30" hits="54" branch="false"/>
                <line number="31" hits="54" branch="false"/>
                <line number="32" hits="11" branch="false"/>
                <line number="34" hits="54" branch="false"/>
                <line number="37" hits="54" branch="false"/>
                <line number="38" hits="54" branch="false"/>
              </lines>
            </method>
            <method name="methodCheck" signature="" line-rate="1" branch-rate="0" complexity="0">
              <lines>
                <line number="48" hits="60" branch="false"/>
                <line number="52" hits="60" branch="false"/>
                <line number="53" hits="60" branch="false"/>
                <line number="54" hits="3" branch="false"/>
                <line number="55" hits="2" branch="false"/>
                <line number="56" hits="60" branch="false"/>
                <line number="57" hits="60" branch="false"/>
                <line number="58" hits="60" branch="false"/>
                <line number="59" hits="1" branch="false"/>
                <line number="60" hits="1" branch="false"/>
                <line number="61" hits="1" branch="false"/>
                <line number="62" hits="1" branch="false"/>
                <line number="63" hits="1" branch="false"/>
                <line number="64" hits="60" branch="false"/>
                <line number="65" hits="60" branch="false"/>
                <line number="66" hits="58" branch="false"/>
                <line number="69" hits="58" branch="false"/>
                <line number="70" hits="58" branch="false"/>
                <line number="72" hits="58" branch="false"/>
                <line number="73" hits="3" branch="false"/>
                <line number="74" hits="3" branch="false"/>
                <line number="77" hits="55" branch="false"/>
              </lines>
            </method>
            <method name="trControlCheck" signature="" line-rate="1" branch-rate="0" complexity="0">
              <lines>
                <line number="87" hits="43" branch="false"/>
                <line number="88" hits="1" branch="false"/>
                <line number="91" hits="42" branch="false"/>
                <line number="92" hits="7" branch="false"/>
                <line number="93" hits="7" branch="false"/>
                <line number="96" hits="42" branch="false"/>
                <line number="97" hits="12" branch="false"/>
                <line number="98" hits="12" branch="false"/>
                <line number="101" hits="42" branch="false"/>
                <line number="102" hits="42" branch="false"/>
                <line number="103" hits="42" branch="false"/>
                <line number="104" hits="2" branch="false"/>
                <line number="105" hits="40" branch="false"/>
                <line number="106" hits="9" branch="false"/>
                <line number="107" hits="31" branch="false"/>
                <line number="108" hits="25" branch="false"/>
                <line number="109" hits="6" branch="false"/>
                <line number="110" hits="1" branch="false"/>
                <line number="111" hits="5" branch="false"/>
                <line number="112" hits="2" branch="false"/>
                <line number="113" hits="2" branch="false"/>
                <line number="114" hits="2" branch="false"/>
                <line number="115" hits="2" branch="false"/>
                <line number="116" hits="2" branch="false"/>
                <line number="117" hits="2" branch="false"/>
                <line number="118" hits="2" branch="false"/>
                <line number="120" hits="3" branch="false"/>
                <line number="123" hits="37" branch="false"/>
              </lines>
            </method>
            <method name="extractCaretTarget" signature="" line-rate="1" branch-rate="0" complexity="0">
              <lines>
                <line number="130" hits="41" branch="false"/>
              </lines>
            </method>
            <method name="extractCaretTarget.default" signature="" line-rate="1" branch-rate="0" complexity="0">
              <lines>
                <line number="140" hits="34" branch="false"/>
              </lines>
            </method>
            <method name="extractCaretTarget.formula" signature="" line-rate="1" branch-rate="0" complexity="0">
              <lines>
                <line number="150" hits="7" branch="false"/>
                <line number="151" hits="7" branch="false"/>
                <line number="152" hits="7" branch="false"/>
              </lines>
            </method>
            <method name="caretList" signature="" line-rate="1" branch-rate="0" complexity="0">
              <lines>
                <line number="195" hits="53" branch="false"/>
                <line number="196" hits="8" branch="false"/>
                <line number="198" hits="53" branch="false"/>
                <line number="199" hits="1" branch="false"/>
                <line number="201" hits="52" branch="false"/>
                <line number="202" hits="1" branch="false"/>
                <line number="203" hits="1" branch="false"/>
                <line number="207" hits="52" branch="false"/>
                <line number="208" hits="40" branch="false"/>
                <line number="212" hits="52" branch="false"/>
                <line number="215" hits="51" branch="false"/>
                <line number="218" hits="51" branch="false"/>
                <line number="219" hits="37" branch="false"/>
                <line number="220" hits="37" branch="false"/>
                <line number="224" hits="51" branch="false"/>
                <line number="227" hits="51" branch="false"/>
                <line number="228" hits="51" branch="false"/>
                <line number="229" hits="51" branch="false"/>
                <line number="230" hits="5" branch="false"/>
                <line number="231" hits="51" branch="false"/>
                <line number="232" hits="51" branch="false"/>
                <line number="233" hits="51" branch="false"/>
                <line number="234" hits="51" branch="false"/>
                <line number="235" hits="51" branch="false"/>
                <line number="236" hits="49" branch="false"/>
                <line number="237" hits="49" branch="false"/>
                <line number="238" hits="49" branch="false"/>
                <line number="240" hits="49" branch="false"/>
                <line number="241" hits="1" branch="false"/>
                <line number="243" hits="48" branch="false"/>
                <line number="245" hits="48" branch="false"/>
              </lines>
            </method>
            <method name="is.caretList" signature="" line-rate="1" branch-rate="0" complexity="0">
              <lines>
                <line number="253" hits="2" branch="false"/>
              </lines>
            </method>
            <method name="as.caretList" signature="" line-rate="1" branch-rate="0" complexity="0">
              <lines>
                <line number="262" hits="3" branch="false"/>
                <line number="263" hits="1" branch="false"/>
                <line number="265" hits="2" branch="false"/>
              </lines>
            </method>
            <method name="as.caretList.list" signature="" line-rate="1" branch-rate="0" complexity="0">
              <lines>
                <line number="284" hits="3" branch="false"/>
                <line number="285" hits="1" branch="false"/>
                <line number="288" hits="2" branch="false"/>
                <line number="289" hits="1" branch="false"/>
                <line number="292" hits="1" branch="false"/>
                <line number="294" hits="1" branch="false"/>
              </lines>
            </method>
            <method name="[.caretList" signature="" line-rate="1" branch-rate="0" complexity="0">
              <lines>
                <line number="303" hits="7" branch="false"/>
                <line number="304" hits="7" branch="false"/>
              </lines>
            </method>
            <method name="predict.caretList" signature="" line-rate="1" branch-rate="0" complexity="0">
              <lines>
                <line number="321" hits="119" branch="false"/>
                <line number="322" hits="50" branch="false"/>
                <line number="323" hits="50" branch="false"/>
                <line number="324" hits="50" branch="false"/>
                <line number="325" hits="1" branch="false"/>
                <line number="329" hits="118" branch="false"/>
                <line number="330" hits="118" branch="false"/>
                <line number="331" hits="2" branch="false"/>
                <line number="333" hits="118" branch="false"/>
                <line number="334" hits="118" branch="false"/>
                <line number="335" hits="118" branch="false"/>
                <line number="336" hits="118" branch="false"/>
                <line number="338" hits="118" branch="false"/>
                <line number="339" hits="118" branch="false"/>
                <line number="340" hits="6" branch="false"/>
                <line number="341" hits="118" branch="false"/>
                <line number="342" hits="118" branch="false"/>
                <line number="343" hits="118" branch="false"/>
                <line number="344" hits="118" branch="false"/>
                <line number="345" hits="1" branch="false"/>
                <line number="346" hits="118" branch="false"/>
                <line number="347" hits="118" branch="false"/>
                <line number="348" hits="113" branch="false"/>
                <line number="349" hits="3" branch="false"/>
                <line number="350" hits="2" branch="false"/>
                <line number="352" hits="3" branch="false"/>
                <line number="355" hits="113" branch="false"/>
                <line number="360" hits="2" branch="false"/>
                <line number="364" hits="111" branch="false"/>
                <line number="367" hits="113" branch="false"/>
                <line number="369" hits="65" branch="false"/>
                <line number="371" hits="65" branch="false"/>
                <line number="372" hits="65" branch="false"/>
                <line number="374" hits="65" branch="false"/>
                <line number="375" hits="231" branch="false"/>
                <line number="376" hits="231" branch="false"/>
                <line number="377" hits="231" branch="false"/>
                <line number="378" hits="231" branch="false"/>
                <line number="379" hits="231" branch="false"/>
                <line number="381" hits="65" branch="false"/>
                <line number="384" hits="65" branch="false"/>
                <line number="385" hits="65" branch="false"/>
                <line number="386" hits="65" branch="false"/>
                <line number="387" hits="65" branch="false"/>
                <line number="388" hits="65" branch="false"/>
                <line number="390" hits="65" branch="false"/>
                <line number="392" hits="65" branch="false"/>
                <line number="393" hits="65" branch="false"/>
                <line number="394" hits="65" branch="false"/>
                <line number="397" hits="65" branch="false"/>
                <line number="399" hits="65" branch="false"/>
                <line number="401" hits="65" branch="false"/>
                <line number="403" hits="48" branch="false"/>
                <line number="406" hits="113" branch="false"/>
              </lines>
            </method>
          </methods>
          <lines>
            <line number="10" hits="353" branch="false"/>
            <line number="11" hits="353" branch="false"/>
            <line number="20" hits="55" branch="false"/>
            <line number="22" hits="55" branch="false"/>
            <line number="23" hits="55" branch="false"/>
            <line number="24" hits="54" branch="false"/>
            <line number="27" hits="54" branch="false"/>
            <line number="28" hits="33" branch="false"/>
            <line number="30" hits="54" branch="false"/>
            <line number="31" hits="54" branch="false"/>
            <line number="32" hits="11" branch="false"/>
            <line number="34" hits="54" branch="false"/>
            <line number="37" hits="54" branch="false"/>
            <line number="38" hits="54" branch="false"/>
            <line number="48" hits="60" branch="false"/>
            <line number="52" hits="60" branch="false"/>
            <line number="53" hits="60" branch="false"/>
            <line number="54" hits="3" branch="false"/>
            <line number="55" hits="2" branch="false"/>
            <line number="56" hits="60" branch="false"/>
            <line number="57" hits="60" branch="false"/>
            <line number="58" hits="60" branch="false"/>
            <line number="59" hits="1" branch="false"/>
            <line number="60" hits="1" branch="false"/>
            <line number="61" hits="1" branch="false"/>
            <line number="62" hits="1" branch="false"/>
            <line number="63" hits="1" branch="false"/>
            <line number="64" hits="60" branch="false"/>
            <line number="65" hits="60" branch="false"/>
            <line number="66" hits="58" branch="false"/>
            <line number="69" hits="58" branch="false"/>
            <line number="70" hits="58" branch="false"/>
            <line number="72" hits="58" branch="false"/>
            <line number="73" hits="3" branch="false"/>
            <line number="74" hits="3" branch="false"/>
            <line number="77" hits="55" branch="false"/>
            <line number="87" hits="43" branch="false"/>
            <line number="88" hits="1" branch="false"/>
            <line number="91" hits="42" branch="false"/>
            <line number="92" hits="7" branch="false"/>
            <line number="93" hits="7" branch="false"/>
            <line number="96" hits="42" branch="false"/>
            <line number="97" hits="12" branch="false"/>
            <line number="98" hits="12" branch="false"/>
            <line number="101" hits="42" branch="false"/>
            <line number="102" hits="42" branch="false"/>
            <line number="103" hits="42" branch="false"/>
            <line number="104" hits="2" branch="false"/>
            <line number="105" hits="40" branch="false"/>
            <line number="106" hits="9" branch="false"/>
            <line number="107" hits="31" branch="false"/>
            <line number="108" hits="25" branch="false"/>
            <line number="109" hits="6" branch="false"/>
            <line number="110" hits="1" branch="false"/>
            <line number="111" hits="5" branch="false"/>
            <line number="112" hits="2" branch="false"/>
            <line number="113" hits="2" branch="false"/>
            <line number="114" hits="2" branch="false"/>
            <line number="115" hits="2" branch="false"/>
            <line number="116" hits="2" branch="false"/>
            <line number="117" hits="2" branch="false"/>
            <line number="118" hits="2" branch="false"/>
            <line number="120" hits="3" branch="false"/>
            <line number="123" hits="37" branch="false"/>
            <line number="130" hits="41" branch="false"/>
            <line number="140" hits="34" branch="false"/>
            <line number="150" hits="7" branch="false"/>
            <line number="151" hits="7" branch="false"/>
            <line number="152" hits="7" branch="false"/>
            <line number="195" hits="53" branch="false"/>
            <line number="196" hits="8" branch="false"/>
            <line number="198" hits="53" branch="false"/>
            <line number="199" hits="1" branch="false"/>
            <line number="201" hits="52" branch="false"/>
            <line number="202" hits="1" branch="false"/>
            <line number="203" hits="1" branch="false"/>
            <line number="207" hits="52" branch="false"/>
            <line number="208" hits="40" branch="false"/>
            <line number="212" hits="52" branch="false"/>
            <line number="215" hits="51" branch="false"/>
            <line number="218" hits="51" branch="false"/>
            <line number="219" hits="37" branch="false"/>
            <line number="220" hits="37" branch="false"/>
            <line number="224" hits="51" branch="false"/>
            <line number="227" hits="51" branch="false"/>
            <line number="228" hits="51" branch="false"/>
            <line number="229" hits="51" branch="false"/>
            <line number="230" hits="5" branch="false"/>
            <line number="231" hits="51" branch="false"/>
            <line number="232" hits="51" branch="false"/>
            <line number="233" hits="51" branch="false"/>
            <line number="234" hits="51" branch="false"/>
            <line number="235" hits="51" branch="false"/>
            <line number="236" hits="49" branch="false"/>
            <line number="237" hits="49" branch="false"/>
            <line number="238" hits="49" branch="false"/>
            <line number="240" hits="49" branch="false"/>
            <line number="241" hits="1" branch="false"/>
            <line number="243" hits="48" branch="false"/>
            <line number="245" hits="48" branch="false"/>
            <line number="253" hits="2" branch="false"/>
            <line number="262" hits="3" branch="false"/>
            <line number="263" hits="1" branch="false"/>
            <line number="265" hits="2" branch="false"/>
            <line number="284" hits="3" branch="false"/>
            <line number="285" hits="1" branch="false"/>
            <line number="288" hits="2" branch="false"/>
            <line number="289" hits="1" branch="false"/>
            <line number="292" hits="1" branch="false"/>
            <line number="294" hits="1" branch="false"/>
            <line number="303" hits="7" branch="false"/>
            <line number="304" hits="7" branch="false"/>
            <line number="321" hits="119" branch="false"/>
            <line number="322" hits="50" branch="false"/>
            <line number="323" hits="50" branch="false"/>
            <line number="324" hits="50" branch="false"/>
            <line number="325" hits="1" branch="false"/>
            <line number="329" hits="118" branch="false"/>
            <line number="330" hits="118" branch="false"/>
            <line number="331" hits="2" branch="false"/>
            <line number="333" hits="118" branch="false"/>
            <line number="334" hits="118" branch="false"/>
            <line number="335" hits="118" branch="false"/>
            <line number="336" hits="118" branch="false"/>
            <line number="338" hits="118" branch="false"/>
            <line number="339" hits="118" branch="false"/>
            <line number="340" hits="6" branch="false"/>
            <line number="341" hits="118" branch="false"/>
            <line number="342" hits="118" branch="false"/>
            <line number="343" hits="118" branch="false"/>
            <line number="344" hits="118" branch="false"/>
            <line number="345" hits="1" branch="false"/>
            <line number="346" hits="118" branch="false"/>
            <line number="347" hits="118" branch="false"/>
            <line number="348" hits="113" branch="false"/>
            <line number="349" hits="3" branch="false"/>
            <line number="350" hits="2" branch="false"/>
            <line number="352" hits="3" branch="false"/>
            <line number="355" hits="113" branch="false"/>
            <line number="360" hits="2" branch="false"/>
            <line number="364" hits="111" branch="false"/>
            <line number="367" hits="113" branch="false"/>
            <line number="369" hits="65" branch="false"/>
            <line number="371" hits="65" branch="false"/>
            <line number="372" hits="65" branch="false"/>
            <line number="374" hits="65" branch="false"/>
            <line number="375" hits="231" branch="false"/>
            <line number="376" hits="231" branch="false"/>
            <line number="377" hits="231" branch="false"/>
            <line number="378" hits="231" branch="false"/>
            <line number="379" hits="231" branch="false"/>
            <line number="381" hits="65" branch="false"/>
            <line number="384" hits="65" branch="false"/>
            <line number="385" hits="65" branch="false"/>
            <line number="386" hits="65" branch="false"/>
            <line number="387" hits="65" branch="false"/>
            <line number="388" hits="65" branch="false"/>
            <line number="390" hits="65" branch="false"/>
            <line number="392" hits="65" branch="false"/>
            <line number="393" hits="65" branch="false"/>
            <line number="394" hits="65" branch="false"/>
            <line number="397" hits="65" branch="false"/>
            <line number="399" hits="65" branch="false"/>
            <line number="401" hits="65" branch="false"/>
            <line number="403" hits="48" branch="false"/>
            <line number="406" hits="113" branch="false"/>
          </lines>
        </class>
        <class name="caretStack.R" filename="R/caretStack.R" line-rate="0.982456140350877" branch-rate="0" complexity="0">
          <methods>
            <method name="caretStack" signature="" line-rate="1" branch-rate="0" complexity="0">
              <lines>
                <line number="25" hits="84" branch="false"/>
                <line number="28" hits="84" branch="false"/>
                <line number="31" hits="84" branch="false"/>
                <line number="32" hits="84" branch="false"/>
                <line number="33" hits="84" branch="false"/>
              </lines>
            </method>
            <method name="predict.caretStack" signature="" line-rate="0.977272727272727" branch-rate="0" complexity="0">
              <lines>
                <line number="71" hits="93" branch="false"/>
                <line number="72" hits="93" branch="false"/>
                <line number="75" hits="93" branch="false"/>
                <line number="77" hits="89" branch="false"/>
                <line number="83" hits="53" branch="false"/>
                <line number="84" hits="53" branch="false"/>
                <line number="85" hits="53" branch="false"/>
                <line number="86" hits="53" branch="false"/>
                <line number="88" hits="0" branch="false"/>
                <line number="90" hits="53" branch="false"/>
                <line number="92" hits="53" branch="false"/>
                <line number="93" hits="53" branch="false"/>
                <line number="95" hits="53" branch="false"/>
                <line number="97" hits="36" branch="false"/>
                <line number="100" hits="89" branch="false"/>
                <line number="101" hits="25" branch="false"/>
                <line number="102" hits="25" branch="false"/>
                <line number="103" hits="25" branch="false"/>
                <line number="104" hits="25" branch="false"/>
                <line number="106" hits="25" branch="false"/>
                <line number="108" hits="25" branch="false"/>
                <line number="109" hits="25" branch="false"/>
                <line number="111" hits="25" branch="false"/>
                <line number="112" hits="8" branch="false"/>
                <line number="113" hits="25" branch="false"/>
                <line number="114" hits="25" branch="false"/>
                <line number="115" hits="25" branch="false"/>
                <line number="118" hits="88" branch="false"/>
                <line number="119" hits="21" branch="false"/>
                <line number="120" hits="12" branch="false"/>
                <line number="121" hits="12" branch="false"/>
                <line number="123" hits="9" branch="false"/>
                <line number="124" hits="9" branch="false"/>
                <line number="127" hits="9" branch="false"/>
                <line number="128" hits="9" branch="false"/>
                <line number="129" hits="9" branch="false"/>
                <line number="130" hits="9" branch="false"/>
                <line number="131" hits="9" branch="false"/>
                <line number="132" hits="9" branch="false"/>
                <line number="133" hits="9" branch="false"/>
                <line number="136" hits="67" branch="false"/>
                <line number="138" hits="88" branch="false"/>
                <line number="139" hits="11" branch="false"/>
                <line number="142" hits="88" branch="false"/>
              </lines>
            </method>
            <method name="is.caretStack" signature="" line-rate="1" branch-rate="0" complexity="0">
              <lines>
                <line number="150" hits="2" branch="false"/>
              </lines>
            </method>
            <method name="summary.caretStack" signature="" line-rate="1" branch-rate="0" complexity="0">
              <lines>
                <line number="171" hits="2" branch="false"/>
              </lines>
            </method>
            <method name="print.caretStack" signature="" line-rate="1" branch-rate="0" complexity="0">
              <lines>
                <line number="193" hits="2" branch="false"/>
                <line number="194" hits="2" branch="false"/>
                <line number="195" hits="2" branch="false"/>
                <line number="196" hits="2" branch="false"/>
              </lines>
            </method>
            <method name="plot.caretStack" signature="" line-rate="1" branch-rate="0" complexity="0">
              <lines>
                <line number="218" hits="1" branch="false"/>
              </lines>
            </method>
            <method name="dotplot.caretStack" signature="" line-rate="1" branch-rate="0" complexity="0">
              <lines>
                <line number="242" hits="1" branch="false"/>
              </lines>
            </method>
          </methods>
          <lines>
            <line number="25" hits="84" branch="false"/>
            <line number="28" hits="84" branch="false"/>
            <line number="31" hits="84" branch="false"/>
            <line number="32" hits="84" branch="false"/>
            <line number="33" hits="84" branch="false"/>
            <line number="71" hits="93" branch="false"/>
            <line number="72" hits="93" branch="false"/>
            <line number="75" hits="93" branch="false"/>
            <line number="77" hits="89" branch="false"/>
            <line number="83" hits="53" branch="false"/>
            <line number="84" hits="53" branch="false"/>
            <line number="85" hits="53" branch="false"/>
            <line number="86" hits="53" branch="false"/>
            <line number="88" hits="0" branch="false"/>
            <line number="90" hits="53" branch="false"/>
            <line number="92" hits="53" branch="false"/>
            <line number="93" hits="53" branch="false"/>
            <line number="95" hits="53" branch="false"/>
            <line number="97" hits="36" branch="false"/>
            <line number="100" hits="89" branch="false"/>
            <line number="101" hits="25" branch="false"/>
            <line number="102" hits="25" branch="false"/>
            <line number="103" hits="25" branch="false"/>
            <line number="104" hits="25" branch="false"/>
            <line number="106" hits="25" branch="false"/>
            <line number="108" hits="25" branch="false"/>
            <line number="109" hits="25" branch="false"/>
            <line number="111" hits="25" branch="false"/>
            <line number="112" hits="8" branch="false"/>
            <line number="113" hits="25" branch="false"/>
            <line number="114" hits="25" branch="false"/>
            <line number="115" hits="25" branch="false"/>
            <line number="118" hits="88" branch="false"/>
            <line number="119" hits="21" branch="false"/>
            <line number="120" hits="12" branch="false"/>
            <line number="121" hits="12" branch="false"/>
            <line number="123" hits="9" branch="false"/>
            <line number="124" hits="9" branch="false"/>
            <line number="127" hits="9" branch="false"/>
            <line number="128" hits="9" branch="false"/>
            <line number="129" hits="9" branch="false"/>
            <line number="130" hits="9" branch="false"/>
            <line number="131" hits="9" branch="false"/>
            <line number="132" hits="9" branch="false"/>
            <line number="133" hits="9" branch="false"/>
            <line number="136" hits="67" branch="false"/>
            <line number="138" hits="88" branch="false"/>
            <line number="139" hits="11" branch="false"/>
            <line number="142" hits="88" branch="false"/>
            <line number="150" hits="2" branch="false"/>
            <line number="171" hits="2" branch="false"/>
            <line number="193" hits="2" branch="false"/>
            <line number="194" hits="2" branch="false"/>
            <line number="195" hits="2" branch="false"/>
            <line number="196" hits="2" branch="false"/>
            <line number="218" hits="1" branch="false"/>
            <line number="242" hits="1" branch="false"/>
          </lines>
        </class>
        <class name="helper_functions.R" filename="R/helper_functions.R" line-rate="0.97093023255814" branch-rate="0" complexity="0">
          <methods>
            <method name="getBinaryTargetLevel" signature="" line-rate="1" branch-rate="0" complexity="0">
              <lines>
                <line number="15" hits="15" branch="false"/>
                <line number="16" hits="15" branch="false"/>
              </lines>
            </method>
            <method name="setBinaryTargetLevel" signature="" line-rate="1" branch-rate="0" complexity="0">
              <lines>
                <line number="29" hits="5" branch="false"/>
                <line number="30" hits="4" branch="false"/>
              </lines>
            </method>
            <method name="validateBinaryTargetLevel" signature="" line-rate="1" branch-rate="0" complexity="0">
              <lines>
                <line number="40" hits="20" branch="false"/>
                <line number="41" hits="20" branch="false"/>
                <line number="42" hits="1" branch="false"/>
                <line number="43" hits="1" branch="false"/>
                <line number="44" hits="1" branch="false"/>
                <line number="45" hits="1" branch="false"/>
                <line number="46" hits="1" branch="false"/>
                <line number="48" hits="19" branch="false"/>
              </lines>
            </method>
            <method name="getMulticlassExcludedLevel" signature="" line-rate="1" branch-rate="0" complexity="0">
              <lines>
                <line number="63" hits="320" branch="false"/>
                <line number="64" hits="320" branch="false"/>
              </lines>
            </method>
            <method name="setMulticlassExcludedLevel" signature="" line-rate="1" branch-rate="0" complexity="0">
              <lines>
                <line number="83" hits="3" branch="false"/>
                <line number="84" hits="3" branch="false"/>
              </lines>
            </method>
            <method name="validateMulticlassExcludedLevel" signature="" line-rate="0.375" branch-rate="0" complexity="0">
              <lines>
                <line number="93" hits="323" branch="false"/>
                <line number="94" hits="323" branch="false"/>
                <line number="95" hits="0" branch="false"/>
                <line number="96" hits="0" branch="false"/>
                <line number="97" hits="0" branch="false"/>
                <line number="98" hits="0" branch="false"/>
                <line number="99" hits="0" branch="false"/>
                <line number="101" hits="323" branch="false"/>
              </lines>
            </method>
            <method name="wtd.sd" signature="" line-rate="1" branch-rate="0" complexity="0">
              <lines>
                <line number="115" hits="31063" branch="false"/>
                <line number="116" hits="4" branch="false"/>
                <line number="117" hits="4" branch="false"/>
                <line number="119" hits="31063" branch="false"/>
                <line number="120" hits="31063" branch="false"/>
                <line number="121" hits="31061" branch="false"/>
                <line number="122" hits="31061" branch="false"/>
                <line number="123" hits="31061" branch="false"/>
              </lines>
            </method>
            <method name="check_caretList_classes" signature="" line-rate="1" branch-rate="0" complexity="0">
              <lines>
                <line number="135" hits="88" branch="false"/>
                <line number="136" hits="87" branch="false"/>
                <line number="137" hits="87" branch="false"/>
              </lines>
            </method>
            <method name="check_caretList_model_types" signature="" line-rate="1" branch-rate="0" complexity="0">
              <lines>
                <line number="146" hits="95" branch="false"/>
                <line number="147" hits="95" branch="false"/>
                <line number="148" hits="95" branch="false"/>
                <line number="151" hits="94" branch="false"/>
                <line number="156" hits="94" branch="false"/>
                <line number="157" hits="49" branch="false"/>
                <line number="158" hits="146" branch="false"/>
                <line number="159" hits="146" branch="false"/>
                <line number="160" hits="4" branch="false"/>
                <line number="167" hits="90" branch="false"/>
                <line number="168" hits="45" branch="false"/>
                <line number="169" hits="1" branch="false"/>
                <line number="170" hits="44" branch="false"/>
                <line number="171" hits="44" branch="false"/>
                <line number="172" hits="1" branch="false"/>
                <line number="173" hits="1" branch="false"/>
                <line number="174" hits="1" branch="false"/>
                <line number="177" hits="88" branch="false"/>
              </lines>
            </method>
            <method name="check_bestpreds_resamples" signature="" line-rate="1" branch-rate="0" complexity="0">
              <lines>
                <line number="186" hits="88" branch="false"/>
                <line number="187" hits="88" branch="false"/>
                <line number="188" hits="88" branch="false"/>
                <line number="189" hits="88" branch="false"/>
                <line number="190" hits="2" branch="false"/>
                <line number="192" hits="86" branch="false"/>
              </lines>
            </method>
            <method name="check_bestpreds_indexes" signature="" line-rate="1" branch-rate="0" complexity="0">
              <lines>
                <line number="201" hits="88" branch="false"/>
                <line number="202" hits="88" branch="false"/>
                <line number="203" hits="88" branch="false"/>
                <line number="204" hits="88" branch="false"/>
                <line number="205" hits="2" branch="false"/>
                <line number="207" hits="86" branch="false"/>
              </lines>
            </method>
            <method name="check_bestpreds_obs" signature="" line-rate="1" branch-rate="0" complexity="0">
              <lines>
                <line number="216" hits="88" branch="false"/>
                <line number="217" hits="88" branch="false"/>
                <line number="218" hits="88" branch="false"/>
                <line number="219" hits="88" branch="false"/>
                <line number="220" hits="2" branch="false"/>
                <line number="222" hits="86" branch="false"/>
              </lines>
            </method>
            <method name="check_bestpreds_preds" signature="" line-rate="1" branch-rate="0" complexity="0">
              <lines>
                <line number="232" hits="87" branch="false"/>
                <line number="233" hits="87" branch="false"/>
                <line number="234" hits="87" branch="false"/>
                <line number="235" hits="87" branch="false"/>
                <line number="236" hits="87" branch="false"/>
                <line number="237" hits="1" branch="false"/>
                <line number="238" hits="1" branch="false"/>
                <line number="239" hits="1" branch="false"/>
                <line number="240" hits="1" branch="false"/>
                <line number="241" hits="1" branch="false"/>
                <line number="242" hits="1" branch="false"/>
                <line number="243" hits="1" branch="false"/>
                <line number="245" hits="86" branch="false"/>
              </lines>
            </method>
            <method name="check_multiclass_excluded_level" signature="" line-rate="1" branch-rate="0" complexity="0">
              <lines>
                <line number="255" hits="45" branch="false"/>
                <line number="256" hits="4" branch="false"/>
                <line number="257" hits="4" branch="false"/>
                <line number="258" hits="4" branch="false"/>
                <line number="259" hits="4" branch="false"/>
                <line number="260" hits="4" branch="false"/>
                <line number="261" hits="4" branch="false"/>
                <line number="262" hits="4" branch="false"/>
                <line number="263" hits="4" branch="false"/>
                <line number="264" hits="4" branch="false"/>
                <line number="265" hits="4" branch="false"/>
              </lines>
            </method>
            <method name="check_binary_classification" signature="" line-rate="1" branch-rate="0" complexity="0">
              <lines>
                <line number="277" hits="65" branch="false"/>
                <line number="278" hits="61" branch="false"/>
                <line number="279" hits="61" branch="false"/>
                <line number="280" hits="61" branch="false"/>
                <line number="281" hits="61" branch="false"/>
                <line number="282" hits="61" branch="false"/>
                <line number="283" hits="2" branch="false"/>
                <line number="284" hits="61" branch="false"/>
                <line number="285" hits="61" branch="false"/>
                <line number="287" hits="63" branch="false"/>
              </lines>
            </method>
            <method name="extractModelName" signature="" line-rate="1" branch-rate="0" complexity="0">
              <lines>
                <line number="302" hits="615" branch="false"/>
                <line number="303" hits="3" branch="false"/>
                <line number="304" hits="612" branch="false"/>
                <line number="305" hits="1" branch="false"/>
                <line number="307" hits="611" branch="false"/>
              </lines>
            </method>
            <method name="validateCustomModel" signature="" line-rate="1" branch-rate="0" complexity="0">
              <lines>
                <line number="318" hits="7" branch="false"/>
                <line number="319" hits="1" branch="false"/>
                <line number="320" hits="1" branch="false"/>
                <line number="321" hits="1" branch="false"/>
                <line number="322" hits="1" branch="false"/>
                <line number="324" hits="6" branch="false"/>
              </lines>
            </method>
            <method name="extractModelTypes" signature="" line-rate="1" branch-rate="0" complexity="0">
              <lines>
                <line number="332" hits="199" branch="false"/>
                <line number="333" hits="199" branch="false"/>
                <line number="337" hits="199" branch="false"/>
                <line number="338" hits="199" branch="false"/>
                <line number="339" hits="199" branch="false"/>
              </lines>
            </method>
            <method name="bestPreds" signature="" line-rate="1" branch-rate="0" complexity="0">
              <lines>
                <line number="347" hits="254" branch="false"/>
                <line number="348" hits="254" branch="false"/>
                <line number="349" hits="254" branch="false"/>
                <line number="350" hits="254" branch="false"/>
                <line number="351" hits="254" branch="false"/>
                <line number="352" hits="254" branch="false"/>
                <line number="353" hits="254" branch="false"/>
                <line number="354" hits="254" branch="false"/>
              </lines>
            </method>
            <method name="extractBestPreds" signature="" line-rate="1" branch-rate="0" complexity="0">
              <lines>
                <line number="362" hits="88" branch="false"/>
                <line number="363" hits="88" branch="false"/>
                <line number="364" hits="1" branch="false"/>
                <line number="366" hits="88" branch="false"/>
                <line number="367" hits="88" branch="false"/>
              </lines>
            </method>
            <method name="makePredObsMatrix" signature="" line-rate="1" branch-rate="0" complexity="0">
              <lines>
                <line number="378" hits="86" branch="false"/>
                <line number="379" hits="86" branch="false"/>
                <line number="382" hits="86" branch="false"/>
                <line number="385" hits="86" branch="false"/>
                <line number="386" hits="86" branch="false"/>
                <line number="387" hits="86" branch="false"/>
                <line number="388" hits="86" branch="false"/>
                <line number="391" hits="86" branch="false"/>
                <line number="393" hits="86" branch="false"/>
                <line number="398" hits="41" branch="false"/>
                <line number="399" hits="41" branch="false"/>
                <line number="400" hits="41" branch="false"/>
                <line number="401" hits="39" branch="false"/>
                <line number="403" hits="2" branch="false"/>
                <line number="405" hits="41" branch="false"/>
                <line number="406" hits="41" branch="false"/>
                <line number="407" hits="41" branch="false"/>
                <line number="410" hits="45" branch="false"/>
                <line number="414" hits="86" branch="false"/>
                <line number="415" hits="249" branch="false"/>
                <line number="419" hits="86" branch="false"/>
                <line number="420" hits="86" branch="false"/>
                <line number="421" hits="249" branch="false"/>
                <line number="422" hits="249" branch="false"/>
                <line number="423" hits="244" branch="false"/>
                <line number="424" hits="261" branch="false"/>
                <line number="428" hits="86" branch="false"/>
                <line number="432" hits="86" branch="false"/>
                <line number="433" hits="41" branch="false"/>
                <line number="435" hits="45" branch="false"/>
                <line number="439" hits="86" branch="false"/>
                <line number="440" hits="86" branch="false"/>
                <line number="441" hits="86" branch="false"/>
                <line number="442" hits="86" branch="false"/>
                <line number="443" hits="86" branch="false"/>
                <line number="445" hits="86" branch="false"/>
                <line number="447" hits="41" branch="false"/>
                <line number="450" hits="86" branch="false"/>
              </lines>
            </method>
          </methods>
          <lines>
            <line number="15" hits="15" branch="false"/>
            <line number="16" hits="15" branch="false"/>
            <line number="29" hits="5" branch="false"/>
            <line number="30" hits="4" branch="false"/>
            <line number="40" hits="20" branch="false"/>
            <line number="41" hits="20" branch="false"/>
            <line number="42" hits="1" branch="false"/>
            <line number="43" hits="1" branch="false"/>
            <line number="44" hits="1" branch="false"/>
            <line number="45" hits="1" branch="false"/>
            <line number="46" hits="1" branch="false"/>
            <line number="48" hits="19" branch="false"/>
            <line number="63" hits="320" branch="false"/>
            <line number="64" hits="320" branch="false"/>
            <line number="83" hits="3" branch="false"/>
            <line number="84" hits="3" branch="false"/>
            <line number="93" hits="323" branch="false"/>
            <line number="94" hits="323" branch="false"/>
            <line number="95" hits="0" branch="false"/>
            <line number="96" hits="0" branch="false"/>
            <line number="97" hits="0" branch="false"/>
            <line number="98" hits="0" branch="false"/>
            <line number="99" hits="0" branch="false"/>
            <line number="101" hits="323" branch="false"/>
            <line number="115" hits="31063" branch="false"/>
            <line number="116" hits="4" branch="false"/>
            <line number="117" hits="4" branch="false"/>
            <line number="119" hits="31063" branch="false"/>
            <line number="120" hits="31063" branch="false"/>
            <line number="121" hits="31061" branch="false"/>
            <line number="122" hits="31061" branch="false"/>
            <line number="123" hits="31061" branch="false"/>
            <line number="135" hits="88" branch="false"/>
            <line number="136" hits="87" branch="false"/>
            <line number="137" hits="87" branch="false"/>
            <line number="146" hits="95" branch="false"/>
            <line number="147" hits="95" branch="false"/>
            <line number="148" hits="95" branch="false"/>
            <line number="151" hits="94" branch="false"/>
            <line number="156" hits="94" branch="false"/>
            <line number="157" hits="49" branch="false"/>
            <line number="158" hits="146" branch="false"/>
            <line number="159" hits="146" branch="false"/>
            <line number="160" hits="4" branch="false"/>
            <line number="167" hits="90" branch="false"/>
            <line number="168" hits="45" branch="false"/>
            <line number="169" hits="1" branch="false"/>
            <line number="170" hits="44" branch="false"/>
            <line number="171" hits="44" branch="false"/>
            <line number="172" hits="1" branch="false"/>
            <line number="173" hits="1" branch="false"/>
            <line number="174" hits="1" branch="false"/>
            <line number="177" hits="88" branch="false"/>
            <line number="186" hits="88" branch="false"/>
            <line number="187" hits="88" branch="false"/>
            <line number="188" hits="88" branch="false"/>
            <line number="189" hits="88" branch="false"/>
            <line number="190" hits="2" branch="false"/>
            <line number="192" hits="86" branch="false"/>
            <line number="201" hits="88" branch="false"/>
            <line number="202" hits="88" branch="false"/>
            <line number="203" hits="88" branch="false"/>
            <line number="204" hits="88" branch="false"/>
            <line number="205" hits="2" branch="false"/>
            <line number="207" hits="86" branch="false"/>
            <line number="216" hits="88" branch="false"/>
            <line number="217" hits="88" branch="false"/>
            <line number="218" hits="88" branch="false"/>
            <line number="219" hits="88" branch="false"/>
            <line number="220" hits="2" branch="false"/>
            <line number="222" hits="86" branch="false"/>
            <line number="232" hits="87" branch="false"/>
            <line number="233" hits="87" branch="false"/>
            <line number="234" hits="87" branch="false"/>
            <line number="235" hits="87" branch="false"/>
            <line number="236" hits="87" branch="false"/>
            <line number="237" hits="1" branch="false"/>
            <line number="238" hits="1" branch="false"/>
            <line number="239" hits="1" branch="false"/>
            <line number="240" hits="1" branch="false"/>
            <line number="241" hits="1" branch="false"/>
            <line number="242" hits="1" branch="false"/>
            <line number="243" hits="1" branch="false"/>
            <line number="245" hits="86" branch="false"/>
            <line number="255" hits="45" branch="false"/>
            <line number="256" hits="4" branch="false"/>
            <line number="257" hits="4" branch="false"/>
            <line number="258" hits="4" branch="false"/>
            <line number="259" hits="4" branch="false"/>
            <line number="260" hits="4" branch="false"/>
            <line number="261" hits="4" branch="false"/>
            <line number="262" hits="4" branch="false"/>
            <line number="263" hits="4" branch="false"/>
            <line number="264" hits="4" branch="false"/>
            <line number="265" hits="4" branch="false"/>
            <line number="277" hits="65" branch="false"/>
            <line number="278" hits="61" branch="false"/>
            <line number="279" hits="61" branch="false"/>
            <line number="280" hits="61" branch="false"/>
            <line number="281" hits="61" branch="false"/>
            <line number="282" hits="61" branch="false"/>
            <line number="283" hits="2" branch="false"/>
            <line number="284" hits="61" branch="false"/>
            <line number="285" hits="61" branch="false"/>
            <line number="287" hits="63" branch="false"/>
            <line number="302" hits="615" branch="false"/>
            <line number="303" hits="3" branch="false"/>
            <line number="304" hits="612" branch="false"/>
            <line number="305" hits="1" branch="false"/>
            <line number="307" hits="611" branch="false"/>
            <line number="318" hits="7" branch="false"/>
            <line number="319" hits="1" branch="false"/>
            <line number="320" hits="1" branch="false"/>
            <line number="321" hits="1" branch="false"/>
            <line number="322" hits="1" branch="false"/>
            <line number="324" hits="6" branch="false"/>
            <line number="332" hits="199" branch="false"/>
            <line number="333" hits="199" branch="false"/>
            <line number="337" hits="199" branch="false"/>
            <line number="338" hits="199" branch="false"/>
            <line number="339" hits="199" branch="false"/>
            <line number="347" hits="254" branch="false"/>
            <line number="348" hits="254" branch="false"/>
            <line number="349" hits="254" branch="false"/>
            <line number="350" hits="254" branch="false"/>
            <line number="351" hits="254" branch="false"/>
            <line number="352" hits="254" branch="false"/>
            <line number="353" hits="254" branch="false"/>
            <line number="354" hits="254" branch="false"/>
            <line number="362" hits="88" branch="false"/>
            <line number="363" hits="88" branch="false"/>
            <line number="364" hits="1" branch="false"/>
            <line number="366" hits="88" branch="false"/>
            <line number="367" hits="88" branch="false"/>
            <line number="378" hits="86" branch="false"/>
            <line number="379" hits="86" branch="false"/>
            <line number="382" hits="86" branch="false"/>
            <line number="385" hits="86" branch="false"/>
            <line number="386" hits="86" branch="false"/>
            <line number="387" hits="86" branch="false"/>
            <line number="388" hits="86" branch="false"/>
            <line number="391" hits="86" branch="false"/>
            <line number="393" hits="86" branch="false"/>
            <line number="398" hits="41" branch="false"/>
            <line number="399" hits="41" branch="false"/>
            <line number="400" hits="41" branch="false"/>
            <line number="401" hits="39" branch="false"/>
            <line number="403" hits="2" branch="false"/>
            <line number="405" hits="41" branch="false"/>
            <line number="406" hits="41" branch="false"/>
            <line number="407" hits="41" branch="false"/>
            <line number="410" hits="45" branch="false"/>
            <line number="414" hits="86" branch="false"/>
            <line number="415" hits="249" branch="false"/>
            <line number="419" hits="86" branch="false"/>
            <line number="420" hits="86" branch="false"/>
            <line number="421" hits="249" branch="false"/>
            <line number="422" hits="249" branch="false"/>
            <line number="423" hits="244" branch="false"/>
            <line number="424" hits="261" branch="false"/>
            <line number="428" hits="86" branch="false"/>
            <line number="432" hits="86" branch="false"/>
            <line number="433" hits="41" branch="false"/>
            <line number="435" hits="45" branch="false"/>
            <line number="439" hits="86" branch="false"/>
            <line number="440" hits="86" branch="false"/>
            <line number="441" hits="86" branch="false"/>
            <line number="442" hits="86" branch="false"/>
            <line number="443" hits="86" branch="false"/>
            <line number="445" hits="86" branch="false"/>
            <line number="447" hits="41" branch="false"/>
            <line number="450" hits="86" branch="false"/>
          </lines>
        </class>
        <class name="S3GenericExtenstions.R" filename="R/S3GenericExtenstions.R" line-rate="1" branch-rate="0" complexity="0">
          <methods>
            <method name="c.caretList" signature="" line-rate="1" branch-rate="0" complexity="0">
              <lines>
                <line number="37" hits="4" branch="false"/>
                <line number="38" hits="4" branch="false"/>
                <line number="39" hits="1" branch="false"/>
                <line number="42" hits="2" branch="false"/>
                <line number="43" hits="2" branch="false"/>
                <line number="44" hits="2" branch="false"/>
                <line number="45" hits="4" branch="false"/>
                <line number="46" hits="4" branch="false"/>
                <line number="47" hits="4" branch="false"/>
                <line number="48" hits="4" branch="false"/>
                <line number="51" hits="3" branch="false"/>
                <line number="54" hits="3" branch="false"/>
                <line number="56" hits="3" branch="false"/>
              </lines>
            </method>
            <method name="c.train" signature="" line-rate="1" branch-rate="0" complexity="0">
              <lines>
                <line number="85" hits="3" branch="false"/>
                <line number="86" hits="3" branch="false"/>
                <line number="87" hits="1" branch="false"/>
                <line number="90" hits="3" branch="false"/>
                <line number="91" hits="3" branch="false"/>
                <line number="92" hits="3" branch="false"/>
                <line number="93" hits="3" branch="false"/>
                <line number="94" hits="1" branch="false"/>
                <line number="95" hits="3" branch="false"/>
                <line number="96" hits="3" branch="false"/>
                <line number="99" hits="2" branch="false"/>
                <line number="102" hits="2" branch="false"/>
                <line number="104" hits="2" branch="false"/>
              </lines>
            </method>
          </methods>
          <lines>
            <line number="37" hits="4" branch="false"/>
            <line number="38" hits="4" branch="false"/>
            <line number="39" hits="1" branch="false"/>
            <line number="42" hits="2" branch="false"/>
            <line number="43" hits="2" branch="false"/>
            <line number="44" hits="2" branch="false"/>
            <line number="45" hits="4" branch="false"/>
            <line number="46" hits="4" branch="false"/>
            <line number="47" hits="4" branch="false"/>
            <line number="48" hits="4" branch="false"/>
            <line number="51" hits="3" branch="false"/>
            <line number="54" hits="3" branch="false"/>
            <line number="56" hits="3" branch="false"/>
            <line number="85" hits="3" branch="false"/>
            <line number="86" hits="3" branch="false"/>
            <line number="87" hits="1" branch="false"/>
            <line number="90" hits="3" branch="false"/>
            <line number="91" hits="3" branch="false"/>
            <line number="92" hits="3" branch="false"/>
            <line number="93" hits="3" branch="false"/>
            <line number="94" hits="1" branch="false"/>
            <line number="95" hits="3" branch="false"/>
            <line number="96" hits="3" branch="false"/>
            <line number="99" hits="2" branch="false"/>
            <line number="102" hits="2" branch="false"/>
            <line number="104" hits="2" branch="false"/>
          </lines>
        </class>
      </classes>
    </package>
  </packages>
</coverage>
